PLINK v2.00a5LM 64-bit Intel (31 May 2023)
Options in effect:
  --bfile ./output/TWB2
  --export ped
  --extract ./output/666b1667cabee52ebd244612/output_snp_1721888574.snps
  --keep ./output/666b1667cabee52ebd244612/output_snp_1721888574.ids
  --out ./output/666b1667cabee52ebd244612/output_snp_1721888574

Hostname: 466dc31d3c28
Working directory: /var/www/html/biobank
Start time: Thu Jul 25 14:23:01 2024

Random number seed: 1721888581
64312 MiB RAM detected, ~52863 available; reserving 32156 MiB for main
workspace.
Using up to 48 threads (change this with --threads).
120161 samples (80208 females, 39953 males; 120161 founders) loaded from
./output/TWB2.fam.
16201509 variants loaded from ./output/TWB2.bim.
Note: No phenotype data present.
--extract: 2 variants remaining.
--keep: 2321 samples remaining.
2321 samples (1633 females, 688 males; 2321 founders) remaining after main
filters.
2 variants remaining after main filters.
Writing ./output/666b1667cabee52ebd244612/output_snp_1721888574.map ... done.
--export ped: ./output/666b1667cabee52ebd244612/output_snp_1721888574.ped
written.

End time: Thu Jul 25 14:23:03 2024
