PLINK v2.00a5LM 64-bit Intel (31 May 2023)
Options in effect:
  --bfile ./output/TWB2
  --export ped
  --extract ./output/666b15f9c03215560e0b34f2/output_snp_1721888818.snps
  --keep ./output/666b15f9c03215560e0b34f2/output_snp_1721888818.ids
  --out ./output/666b15f9c03215560e0b34f2/output_snp_1721888818

Hostname: 466dc31d3c28
Working directory: /var/www/html/biobank
Start time: Thu Jul 25 14:27:05 2024

Random number seed: 1721888825
64312 MiB RAM detected, ~52872 available; reserving 32156 MiB for main
workspace.
Using up to 48 threads (change this with --threads).
120161 samples (80208 females, 39953 males; 120161 founders) loaded from
./output/TWB2.fam.
16201509 variants loaded from ./output/TWB2.bim.
Note: No phenotype data present.
--extract: 2 variants remaining.
--keep: 4919 samples remaining.
4919 samples (3556 females, 1363 males; 4919 founders) remaining after main
filters.
2 variants remaining after main filters.
Writing ./output/666b15f9c03215560e0b34f2/output_snp_1721888818.map ... done.
--export ped: ./output/666b15f9c03215560e0b34f2/output_snp_1721888818.ped
written.

End time: Thu Jul 25 14:27:08 2024
